e:\新建文件夹\顺序表\顺序表\debug\main.obj
e:\新建文件夹\顺序表\顺序表\debug\seqlist.obj
e:\新建文件夹\顺序表\顺序表\debug\vc100.pdb
e:\新建文件夹\顺序表\debug\顺序表.ilk
e:\新建文件夹\顺序表\debug\顺序表.exe
e:\新建文件夹\顺序表\顺序表\debug\顺序表.exe.intermediate.manifest
e:\新建文件夹\顺序表\debug\顺序表.pdb
e:\好好学习吧！\数据结构\顺序表\顺序表\debug\vc120.pdb
e:\好好学习吧！\数据结构\顺序表\顺序表\debug\vc120.idb
e:\好好学习吧！\数据结构\顺序表\顺序表\debug\main.obj
e:\好好学习吧！\数据结构\顺序表\顺序表\debug\seqlist.obj
e:\好好学习吧！\数据结构\顺序表\顺序表\debug\顺序表.vcxprojresolveassemblyreference.cache
e:\好好学习吧！\数据结构\顺序表\顺序表\debug\cl.command.1.tlog
e:\好好学习吧！\数据结构\顺序表\顺序表\debug\cl.read.1.tlog
e:\好好学习吧！\数据结构\顺序表\顺序表\debug\cl.write.1.tlog
e:\好好学习吧！\数据结构\顺序表\顺序表\debug\link.command.1.tlog
e:\好好学习吧！\数据结构\顺序表\顺序表\debug\link.read.1.tlog
e:\好好学习吧！\数据结构\顺序表\顺序表\debug\link.write.1.tlog
e:\好好学习吧！\数据结构\顺序表\顺序表\debug\mt.command.1.tlog
e:\好好学习吧！\数据结构\顺序表\顺序表\debug\mt.read.1.tlog
e:\好好学习吧！\数据结构\顺序表\顺序表\debug\mt.write.1.tlog
e:\好好学习吧！\数据结构\顺序表\顺序表\debug\顺序表.write.1.tlog
e:\好好学习吧！\数据结构\顺序表\顺序表\debug\顺序表.exe.intermediate.manifest
e:\好好学习吧！\数据结构\顺序表\顺序表\debug\vc100.idb
e:\好好学习吧！\数据结构\顺序表\顺序表\debug\vc100.pdb
e:\好好学习吧！\数据结构\顺序表\debug\顺序表.pdb
e:\好好学习吧！\数据结构\顺序表\顺序表\debug\顺序表.tlog\cl.command.1.tlog
e:\好好学习吧！\数据结构\顺序表\顺序表\debug\顺序表.tlog\cl.read.1.tlog
e:\好好学习吧！\数据结构\顺序表\顺序表\debug\顺序表.tlog\cl.write.1.tlog
e:\好好学习吧！\数据结构\顺序表\顺序表\debug\顺序表.tlog\link-cvtres.read.1.tlog
e:\好好学习吧！\数据结构\顺序表\顺序表\debug\顺序表.tlog\link-cvtres.write.1.tlog
e:\好好学习吧！\数据结构\顺序表\顺序表\debug\顺序表.tlog\link-rc.read.1.tlog
e:\好好学习吧！\数据结构\顺序表\顺序表\debug\顺序表.tlog\link-rc.write.1.tlog
e:\好好学习吧！\数据结构\顺序表\顺序表\debug\顺序表.tlog\link.command.1.tlog
e:\好好学习吧！\数据结构\顺序表\顺序表\debug\顺序表.tlog\link.read.1.tlog
e:\好好学习吧！\数据结构\顺序表\顺序表\debug\顺序表.tlog\link.write.1.tlog
